0 info it worked if it ends with ok
1 verbose cli [ '/Users/dan/.nvm/versions/node/v5.10.1/bin/node',
1 verbose cli   '/Users/dan/.nvm/versions/node/v5.10.1/bin/npm',
1 verbose cli   'version',
1 verbose cli   'minor' ]
2 info using npm@3.8.3
3 info using node@v5.10.1
4 info git [ 'status', '--porcelain' ]
5 verbose stack Error: Git working directory not clean.
5 verbose stack M style.scss
5 verbose stack     at /Users/dan/.nvm/versions/node/v5.10.1/lib/node_modules/npm/lib/version.js:246:19
5 verbose stack     at ChildProcess.exithandler (child_process.js:193:7)
5 verbose stack     at emitTwo (events.js:100:13)
5 verbose stack     at ChildProcess.emit (events.js:185:7)
5 verbose stack     at maybeClose (internal/child_process.js:850:16)
5 verbose stack     at Socket.<anonymous> (internal/child_process.js:323:11)
5 verbose stack     at emitOne (events.js:90:13)
5 verbose stack     at Socket.emit (events.js:182:7)
5 verbose stack     at Pipe._onclose (net.js:475:12)
6 verbose cwd /Users/dan/Documents/github/phlite-cookie-notice
7 error Darwin 15.4.0
8 error argv "/Users/dan/.nvm/versions/node/v5.10.1/bin/node" "/Users/dan/.nvm/versions/node/v5.10.1/bin/npm" "version" "minor"
9 error node v5.10.1
10 error npm  v3.8.3
11 error Git working directory not clean.
11 error M style.scss
12 error If you need help, you may report this error at:
12 error     <https://github.com/npm/npm/issues>
13 verbose exit [ 1, true ]
